\BOOKMARK [0][-]{chapter.1}{\376\377\000E\000P\000S\000\040\000R\000e\000s\000u\000m\000e\000n\000\040\000O\000r\000d\000e\000n\000a\000d\000o\000\040\000d\000e\000\040\000l\000a\000\040\000S\000i\000t\000u\000a\000c\000i\000\363\000n\000\040\000A\000c\000t\000u\000a\000l}{}% 1
\BOOKMARK [1][-]{section.1.1}{\376\377\000C\000o\000n\000t\000e\000x\000t\000o\000\040\000d\000e\000l\000\040\000P\000r\000o\000y\000e\000c\000t\000o\000\040\000y\000\040\000L\000e\000g\000a\000d\000o\000\040\000\050\000H\000e\000r\000e\000n\000c\000i\000a\000\051}{chapter.1}% 2
\BOOKMARK [1][-]{section.1.2}{\376\377\000E\000s\000t\000a\000d\000o\000\040\000A\000c\000t\000u\000a\000l\000\040\000d\000e\000l\000\040\000D\000i\000s\000e\000\361\000o\000\040\000T\000\351\000c\000n\000i\000c\000o}{chapter.1}% 3
\BOOKMARK [1][-]{section.1.3}{\376\377\000E\000s\000t\000r\000u\000c\000t\000u\000r\000a\000\040\000d\000e\000\040\000R\000e\000c\000u\000r\000s\000o\000s\000\040\000H\000u\000m\000a\000n\000o\000s}{chapter.1}% 4
\BOOKMARK [1][-]{section.1.4}{\376\377\000P\000l\000a\000n\000\040\000M\000a\000e\000s\000t\000r\000o\000\040\000T\000\351\000c\000n\000i\000c\000o\000\040\000\050\000N\000i\000v\000e\000l\000e\000s\000\040\000d\000e\000\040\000D\000e\000s\000a\000r\000r\000o\000l\000l\000o\000\051}{chapter.1}% 5
\BOOKMARK [0][-]{chapter.2}{\376\377\000E\000P\000S\000\040\000L\000i\000s\000t\000a\000d\000o\000\040\000d\000e\000\040\000E\000n\000t\000r\000e\000g\000a\000b\000l\000e\000s\000\040\000D\000o\000c\000u\000m\000e\000n\000t\000a\000l\000e\000s}{}% 6
\BOOKMARK [1][-]{section.2.1}{\376\377\000R\000e\000q\000u\000i\000s\000i\000t\000o\000s\000\040\000y\000\040\000A\000r\000q\000u\000i\000t\000e\000c\000t\000u\000r\000a\000\040\000d\000e\000\040\000S\000i\000s\000t\000e\000m\000a\000\040\000\050\000L\000\355\000d\000e\000r\000e\000s\000\051}{chapter.2}% 7
\BOOKMARK [1][-]{section.2.2}{\376\377\000D\000i\000s\000e\000\361\000o\000\040\000E\000l\000e\000c\000t\000r\000\363\000n\000i\000c\000o\000\040\000H\000a\000r\000d\000w\000a\000r\000e\000\040\000\050\000E\000q\000u\000i\000p\000o\000\040\000A\000s\000i\000g\000n\000a\000t\000u\000r\000a\000\051}{chapter.2}% 8
\BOOKMARK [1][-]{section.2.3}{\376\377\000D\000i\000s\000e\000\361\000o\000\040\000L\000\363\000g\000i\000c\000o\000\040\000e\000\040\000I\000n\000t\000e\000g\000r\000a\000c\000i\000\363\000n\000\040\000\050\000E\000q\000u\000i\000p\000o\000\040\000S\000A\000R\000T\000\051}{chapter.2}% 9
\BOOKMARK [0][-]{chapter.3}{\376\377\000E\000P\000S\000\040\000A\000n\000\341\000l\000i\000s\000i\000s\000\040\000y\000\040\000G\000e\000s\000t\000i\000\363\000n\000\040\000d\000e\000\040\000R\000i\000e\000s\000g\000o\000s}{}% 10
\BOOKMARK [1][-]{section.3.1}{\376\377\000\040\000C\000a\000m\000b\000i\000o\000s\000\040\000d\000e\000\040\000C\000o\000n\000s\000u\000m\000o\000\040\000d\000e\000\040\000l\000o\000s\000\040\000S\000u\000b\000s\000i\000s\000t\000e\000m\000a\000s}{chapter.3}% 11
\BOOKMARK [1][-]{section.3.2}{\376\377\000\040\000I\000n\000d\000i\000s\000p\000o\000n\000i\000b\000i\000l\000i\000d\000a\000d\000\040\000d\000e\000\040\000C\000o\000m\000p\000o\000n\000e\000n\000t\000e\000s\000\040\000\050\000S\000u\000p\000p\000l\000y\000\040\000C\000h\000a\000i\000n\000\051}{chapter.3}% 12
\BOOKMARK [1][-]{section.3.3}{\376\377\000\040\000P\000r\000o\000t\000e\000c\000c\000i\000o\000n\000e\000s\000\040\000M\000a\000l\000\040\000D\000i\000m\000e\000n\000s\000i\000o\000n\000a\000d\000a\000s}{chapter.3}% 13
\BOOKMARK [0][-]{chapter.4}{\376\377\000E\000P\000S\000\040\000S\000e\000p\000a\000r\000a\000c\000i\000\363\000n\000\040\000d\000e\000\040\000R\000o\000l\000e\000s\000\040\000O\000p\000t\000i\000m\000i\000z\000a\000d\000a}{}% 14
\BOOKMARK [1][-]{section.4.1}{\376\377\000L\000\355\000d\000e\000r\000e\000s\000\040\000d\000e\000\040\000P\000r\000o\000y\000e\000c\000t\000o\000\040\000\050\000I\000n\000g\000e\000n\000i\000e\000r\000\355\000a\000\040\000d\000e\000\040\000S\000i\000s\000t\000e\000m\000a\000s\000\051}{chapter.4}% 15
\BOOKMARK [1][-]{section.4.2}{\376\377\000E\000q\000u\000i\000p\000o\000\040\000d\000e\000\040\000l\000a\000\040\000A\000s\000i\000g\000n\000a\000t\000u\000r\000a\000\040\000\050\000C\000o\000n\000t\000r\000a\000t\000i\000s\000t\000a\000\040\000d\000e\000\040\000H\000a\000r\000d\000w\000a\000r\000e\000\051}{chapter.4}% 16
\BOOKMARK [1][-]{section.4.3}{\376\377\000E\000q\000u\000i\000p\000o\000\040\000S\000A\000R\000T\000\040\000\050\000A\000r\000q\000u\000i\000t\000e\000c\000t\000o\000s\000\040\000d\000e\000\040\000L\000\363\000g\000i\000c\000a\000\040\000y\000\040\000M\000i\000s\000i\000\363\000n\000\051}{chapter.4}% 17
\BOOKMARK [1][-]{section.4.4}{\376\377\000A\000g\000e\000n\000t\000e\000s\000\040\000D\000o\000b\000l\000e\000s\000\040\000\050\000E\000s\000p\000e\000c\000i\000a\000l\000i\000s\000t\000a\000s\000\040\000d\000e\000\040\000C\000a\000r\000g\000a\000\040\000\332\000t\000i\000l\000/\000E\000s\000t\000r\000u\000c\000t\000u\000r\000a\000s\000\051}{chapter.4}% 18
\BOOKMARK [0][-]{chapter.5}{\376\377\000E\000P\000S\000\040\000L\000\355\000n\000e\000a\000\040\000d\000e\000\040\000T\000i\000e\000m\000p\000o\000\040\000d\000e\000\040\000T\000a\000r\000e\000a\000s}{}% 19
\BOOKMARK [0][-]{chapter.6}{\376\377\000E\000P\000S\000\040\000P\000l\000a\000n\000i\000f\000i\000c\000a\000c\000i\000\363\000n\000\040\000S\000e\000m\000a\000n\000a\000l\000\040\000a\000\040\0003\000\040\000M\000e\000s\000e\000s}{}% 20
\BOOKMARK [1][-]{section.6.1}{\376\377\000M\000e\000s\000\040\0001\000:\000\040\000R\000e\000q\000u\000i\000s\000i\000t\000o\000s\000,\000\040\000P\000r\000e\000s\000u\000p\000u\000e\000s\000t\000o\000\040\000y\000\040\000S\000e\000l\000e\000c\000c\000i\000\363\000n}{chapter.6}% 21
\BOOKMARK [1][-]{section.6.2}{\376\377\000M\000e\000s\000\040\0002\000:\000\040\000S\000i\000m\000u\000l\000a\000c\000i\000\363\000n\000\040\000A\000v\000a\000n\000z\000a\000d\000a\000\040\000y\000\040\000D\000e\000f\000i\000n\000i\000c\000i\000\363\000n\000\040\000d\000e\000\040\000I\000n\000t\000e\000r\000f\000a\000c\000e\000s}{chapter.6}% 22
\BOOKMARK [1][-]{section.6.3}{\376\377\000M\000e\000s\000\040\0003\000:\000\040\000E\000s\000q\000u\000e\000m\000\341\000t\000i\000c\000o\000s\000\040\000y\000\040\000C\000i\000e\000r\000r\000e}{chapter.6}% 23
\BOOKMARK [0][-]{chapter.7}{\376\377\000R\000e\000s\000u\000m\000e\000n\000\040\000O\000r\000d\000e\000n\000a\000d\000o\000\040\000d\000e\000\040\000l\000a\000\040\000S\000i\000t\000u\000a\000c\000i\000\363\000n\000\040\000A\000c\000t\000u\000a\000l}{}% 24
\BOOKMARK [1][-]{section.7.1}{\376\377\000P\000u\000n\000t\000o\000\040\000d\000e\000\040\000P\000a\000r\000t\000i\000d\000a}{chapter.7}% 25
\BOOKMARK [1][-]{section.7.2}{\376\377\000P\000l\000a\000n\000\040\000M\000a\000e\000s\000t\000r\000o\000\040\000T\000\351\000c\000n\000i\000c\000o\000\040\000\050\000N\000i\000v\000e\000l\000e\000s\000\040\000d\000e\000\040\000D\000e\000s\000a\000r\000r\000o\000l\000l\000o\000\051}{chapter.7}% 26
\BOOKMARK [0][-]{chapter.8}{\376\377\000L\000i\000s\000t\000a\000d\000o\000\040\000d\000e\000\040\000E\000n\000t\000r\000e\000g\000a\000b\000l\000e\000s\000\040\000D\000o\000c\000u\000m\000e\000n\000t\000a\000l\000e\000s}{}% 27
\BOOKMARK [0][-]{chapter.9}{\376\377\000A\000n\000\341\000l\000i\000s\000i\000s\000\040\000y\000\040\000G\000e\000s\000t\000i\000\363\000n\000\040\000d\000e\000\040\000R\000i\000e\000s\000g\000o\000s}{}% 28
\BOOKMARK [1][-]{section.9.1}{\376\377\000C\000a\000m\000b\000i\000o\000s\000\040\000d\000e\000\040\000I\000n\000t\000e\000r\000f\000a\000c\000e\000s\000\040\000\050\000I\000C\000D\000\051\000\040\000p\000o\000r\000\040\000E\000v\000o\000l\000u\000c\000i\000\363\000n\000\040\000d\000e\000\040\000S\000u\000b\000s\000i\000s\000t\000e\000m\000a\000s}{chapter.9}% 29
\BOOKMARK [1][-]{section.9.2}{\376\377\000A\000r\000r\000a\000n\000q\000u\000e\000\040\000N\000o\000\040\000R\000o\000b\000u\000s\000t\000o\000\040\000\050\000R\000e\000s\000e\000t\000/\000C\000l\000o\000c\000k\000/\000B\000o\000o\000t\000\051\000\040\000y\000\040\000F\000a\000l\000l\000o\000s\000\040\000d\000e\000\040\000S\000u\000p\000e\000r\000v\000i\000s\000i\000\363\000n}{chapter.9}% 30
\BOOKMARK [1][-]{section.9.3}{\376\377\000C\000o\000m\000p\000l\000e\000j\000i\000d\000a\000d\000\040\000d\000e\000l\000\040\000S\000o\000f\000t\000w\000a\000r\000e\000\040\000d\000e\000\040\000V\000u\000e\000l\000o\000\040\000y\000\040\000F\000D\000I\000R\000\040\000I\000n\000s\000u\000f\000i\000c\000i\000e\000n\000t\000e}{chapter.9}% 31
\BOOKMARK [1][-]{section.9.4}{\376\377\000I\000n\000t\000e\000r\000f\000e\000r\000e\000n\000c\000i\000a\000s\000\040\000E\000M\000I\000/\000E\000S\000D\000\040\000y\000\040\000R\000o\000b\000u\000s\000t\000e\000z\000\040\000d\000e\000\040\000I\000n\000t\000e\000r\000f\000a\000z}{chapter.9}% 32
\BOOKMARK [0][-]{chapter.10}{\376\377\000S\000e\000p\000a\000r\000a\000c\000i\000\363\000n\000\040\000d\000e\000\040\000R\000o\000l\000e\000s\000\040\000O\000p\000t\000i\000m\000i\000z\000a\000d\000a}{}% 33
\BOOKMARK [1][-]{section.10.1}{\376\377\000L\000\355\000d\000e\000r\000e\000s\000\040\000d\000e\000\040\000P\000r\000o\000y\000e\000c\000t\000o\000\040\000\050\000I\000n\000g\000e\000n\000i\000e\000r\000\355\000a\000\040\000d\000e\000\040\000S\000i\000s\000t\000e\000m\000a\000s\000\051}{chapter.10}% 34
\BOOKMARK [1][-]{section.10.2}{\376\377\000E\000q\000u\000i\000p\000o\000\040\000d\000e\000\040\000l\000a\000\040\000A\000s\000i\000g\000n\000a\000t\000u\000r\000a\000\040\000\050\000C\000o\000n\000t\000r\000a\000t\000i\000s\000t\000a\000\040\000d\000e\000\040\000H\000a\000r\000d\000w\000a\000r\000e\000\051}{chapter.10}% 35
\BOOKMARK [1][-]{section.10.3}{\376\377\000E\000q\000u\000i\000p\000o\000\040\000S\000-\000A\000R\000T\000\040\000\050\000A\000r\000q\000u\000i\000t\000e\000c\000t\000o\000s\000\040\000d\000e\000\040\000L\000\363\000g\000i\000c\000a\000\040\000y\000\040\000M\000i\000s\000i\000\363\000n\000\051}{chapter.10}% 36
\BOOKMARK [1][-]{section.10.4}{\376\377\000A\000g\000e\000n\000t\000e\000s\000\040\000D\000o\000b\000l\000e\000s\000\040\000\050\000E\000s\000p\000e\000c\000i\000a\000l\000i\000s\000t\000a\000s\000\040\000d\000e\000\040\000C\000O\000M\000M\000S\000/\000A\000D\000C\000S\000/\000P\000a\000y\000l\000o\000a\000d\000/\000E\000P\000S\000\051}{chapter.10}% 37
\BOOKMARK [0][-]{chapter.11}{\376\377\000L\000\355\000n\000e\000a\000\040\000d\000e\000\040\000T\000i\000e\000m\000p\000o\000\040\000d\000e\000\040\000T\000a\000r\000e\000a\000s}{}% 38
\BOOKMARK [0][-]{chapter.12}{\376\377\000P\000l\000a\000n\000i\000f\000i\000c\000a\000c\000i\000\363\000n\000\040\000S\000e\000m\000a\000n\000a\000l\000\040\000a\000\040\0003\000\040\000M\000e\000s\000e\000s}{}% 39
\BOOKMARK [1][-]{section.12.1}{\376\377\000M\000e\000s\000\040\0001\000:\000\040\000R\000e\000q\000u\000i\000s\000i\000t\000o\000s\000,\000\040\000A\000r\000q\000u\000i\000t\000e\000c\000t\000u\000r\000a\000\040\000e\000\040\000I\000n\000t\000e\000r\000f\000a\000c\000e\000s}{chapter.12}% 40
\BOOKMARK [1][-]{section.12.2}{\376\377\000M\000e\000s\000\040\0002\000:\000\040\000E\000s\000q\000u\000e\000m\000\341\000t\000i\000c\000o\000s\000\040\000p\000o\000r\000\040\000B\000l\000o\000q\000u\000e\000s\000\040\000y\000\040\000P\000l\000a\000n\000\040\000d\000e\000\040\000V\000e\000r\000i\000f\000i\000c\000a\000c\000i\000\363\000n}{chapter.12}% 41
\BOOKMARK [1][-]{section.12.3}{\376\377\000M\000e\000s\000\040\0003\000:\000\040\000L\000a\000y\000o\000u\000t\000\040\000\050\000s\000i\000\040\000a\000p\000l\000i\000c\000a\000\051\000,\000\040\000C\000i\000e\000r\000r\000e\000\040\000D\000o\000c\000u\000m\000e\000n\000t\000a\000l\000\040\000e\000\040\000I\000n\000t\000e\000g\000r\000a\000c\000i\000\363\000n}{chapter.12}% 42
